<?xml version="1.0" encoding="UTF-8"?>
<testng-results skipped="0" failed="1" total="6" passed="5">
  <reporter-output>
  </reporter-output>
  <suite name="Suite" duration-ms="18243" started-at="2020-02-14T04:48:48Z" finished-at="2020-02-14T04:49:06Z">
    <groups>
    </groups>
    <test name="Test" duration-ms="18243" started-at="2020-02-14T04:48:48Z" finished-at="2020-02-14T04:49:06Z">
      <class name="jing.HomepageTest">
        <test-method status="FAIL" signature="email()[pri:0, instance:jing.HomepageTest@2053d869]" name="email" duration-ms="67" started-at="2020-02-14T10:18:48Z" finished-at="2020-02-14T10:18:48Z">
          <exception class="java.lang.AssertionError">
            <message>
              <![CDATA[failed to verify expected [true] but found [false]]]>
            </message>
            <full-stacktrace>
              <![CDATA[java.lang.AssertionError: failed to verify expected [true] but found [false]
	at org.testng.Assert.fail(Assert.java:94)
	at org.testng.Assert.failNotEquals(Assert.java:513)
	at org.testng.Assert.assertTrue(Assert.java:42)
	at jing.HomepageTest.email(HomepageTest.java:51)
	at sun.reflect.NativeMethodAccessorImpl.invoke0(Native Method)
	at sun.reflect.NativeMethodAccessorImpl.invoke(Unknown Source)
	at sun.reflect.DelegatingMethodAccessorImpl.invoke(Unknown Source)
	at java.lang.reflect.Method.invoke(Unknown Source)
	at org.testng.internal.MethodInvocationHelper.invokeMethod(MethodInvocationHelper.java:86)
	at org.testng.internal.Invoker.invokeMethod(Invoker.java:645)
	at org.testng.internal.Invoker.invokeTestMethod(Invoker.java:822)
	at org.testng.internal.Invoker.invokeTestMethods(Invoker.java:1130)
	at org.testng.internal.TestMethodWorker.invokeTestMethods(TestMethodWorker.java:129)
	at org.testng.internal.TestMethodWorker.run(TestMethodWorker.java:112)
	at org.testng.TestRunner.privateRun(TestRunner.java:782)
	at org.testng.TestRunner.run(TestRunner.java:632)
	at org.testng.SuiteRunner.runTest(SuiteRunner.java:366)
	at org.testng.SuiteRunner.runSequentially(SuiteRunner.java:361)
	at org.testng.SuiteRunner.privateRun(SuiteRunner.java:319)
	at org.testng.SuiteRunner.run(SuiteRunner.java:268)
	at org.testng.SuiteRunnerWorker.runSuite(SuiteRunnerWorker.java:52)
	at org.testng.SuiteRunnerWorker.run(SuiteRunnerWorker.java:86)
	at org.testng.TestNG.runSuitesSequentially(TestNG.java:1244)
	at org.testng.TestNG.runSuitesLocally(TestNG.java:1169)
	at org.testng.TestNG.run(TestNG.java:1064)
	at org.testng.remote.RemoteTestNG.run(RemoteTestNG.java:113)
	at org.testng.remote.RemoteTestNG.initAndRun(RemoteTestNG.java:206)
	at org.testng.remote.RemoteTestNG.main(RemoteTestNG.java:177)
]]>
            </full-stacktrace>
          </exception> <!-- java.lang.AssertionError -->
          <reporter-output>
          </reporter-output>
        </test-method> <!-- email -->
        <test-method status="PASS" signature="verifyTshirtsTab()[pri:0, instance:jing.HomepageTest@2053d869]" name="verifyTshirtsTab" duration-ms="204" started-at="2020-02-14T10:18:49Z" finished-at="2020-02-14T10:18:49Z">
          <reporter-output>
          </reporter-output>
        </test-method> <!-- verifyTshirtsTab -->
        <test-method status="PASS" signature="verifydressesTag()[pri:0, instance:jing.HomepageTest@2053d869]" name="verifydressesTag" duration-ms="51" started-at="2020-02-14T10:18:49Z" finished-at="2020-02-14T10:18:49Z">
          <reporter-output>
          </reporter-output>
        </test-method> <!-- verifydressesTag -->
        <test-method status="PASS" signature="verifydressesTagclick()[pri:0, instance:jing.HomepageTest@2053d869]" name="verifydressesTagclick" duration-ms="13391" started-at="2020-02-14T10:18:49Z" finished-at="2020-02-14T10:19:02Z">
          <reporter-output>
          </reporter-output>
        </test-method> <!-- verifydressesTagclick -->
        <test-method status="PASS" signature="verifywomenTag()[pri:0, instance:jing.HomepageTest@2053d869]" name="verifywomenTag" duration-ms="46" started-at="2020-02-14T10:19:02Z" finished-at="2020-02-14T10:19:02Z">
          <reporter-output>
          </reporter-output>
        </test-method> <!-- verifywomenTag -->
        <test-method status="PASS" signature="verifywomenTagclick()[pri:1, instance:jing.HomepageTest@2053d869]" name="verifywomenTagclick" duration-ms="4214" started-at="2020-02-14T10:19:02Z" finished-at="2020-02-14T10:19:06Z">
          <reporter-output>
          </reporter-output>
        </test-method> <!-- verifywomenTagclick -->
      </class> <!-- jing.HomepageTest -->
    </test> <!-- Test -->
  </suite> <!-- Suite -->
</testng-results>
